{"numFailedTestSuites":0,"numFailedTests":0,"numPassedTestSuites":3,"numPassedTests":21,"numPendingTestSuites":0,"numPendingTests":0,"numRuntimeErrorTestSuites":0,"numTodoTests":0,"numTotalTestSuites":3,"numTotalTests":21,"openHandles":[],"snapshot":{"added":0,"didUpdate":false,"failure":false,"filesAdded":0,"filesRemoved":0,"filesRemovedList":[],"filesUnmatched":0,"filesUpdated":0,"matched":0,"total":0,"unchecked":0,"uncheckedKeysByFile":[],"unmatched":0,"updated":0},"startTime":1762772449117,"success":true,"testResults":[{"assertionResults":[{"ancestorTitles":["Itinerary Management API Tests","Create Itinerary"],"duration":41,"failing":false,"failureDetails":[],"failureMessages":[],"fullName":"Itinerary Management API Tests Create Itinerary should create a new itinerary","invocations":1,"location":null,"numPassingAsserts":5,"retryReasons":[],"startAt":1762772452082,"status":"passed","title":"should create a new itinerary"},{"ancestorTitles":["Itinerary Management API Tests","Create Itinerary"],"duration":58,"failing":false,"failureDetails":[],"failureMessages":[],"fullName":"Itinerary Management API Tests Create Itinerary should not create itinerary without required fields","invocations":1,"location":null,"numPassingAsserts":2,"retryReasons":[],"startAt":1762772452124,"status":"passed","title":"should not create itinerary without required fields"},{"ancestorTitles":["Itinerary Management API Tests","Create Itinerary"],"duration":17,"failing":false,"failureDetails":[],"failureMessages":[],"fullName":"Itinerary Management API Tests Create Itinerary should not create itinerary without authentication","invocations":1,"location":null,"numPassingAsserts":1,"retryReasons":[],"startAt":1762772452183,"status":"passed","title":"should not create itinerary without authentication"},{"ancestorTitles":["Itinerary Management API Tests","Get Itineraries"],"duration":55,"failing":false,"failureDetails":[],"failureMessages":[],"fullName":"Itinerary Management API Tests Get Itineraries should get all itineraries for the user","invocations":1,"location":null,"numPassingAsserts":4,"retryReasons":[],"startAt":1762772452200,"status":"passed","title":"should get all itineraries for the user"},{"ancestorTitles":["Itinerary Management API Tests","Get Itineraries"],"duration":43,"failing":false,"failureDetails":[],"failureMessages":[],"fullName":"Itinerary Management API Tests Get Itineraries should get a single itinerary by ID","invocations":1,"location":null,"numPassingAsserts":3,"retryReasons":[],"startAt":1762772452256,"status":"passed","title":"should get a single itinerary by ID"},{"ancestorTitles":["Itinerary Management API Tests","Get Itineraries"],"duration":61,"failing":false,"failureDetails":[],"failureMessages":[],"fullName":"Itinerary Management API Tests Get Itineraries should return 404 for non-existent itinerary","invocations":1,"location":null,"numPassingAsserts":1,"retryReasons":[],"startAt":1762772452300,"status":"passed","title":"should return 404 for non-existent itinerary"},{"ancestorTitles":["Itinerary Management API Tests","Update Itinerary"],"duration":65,"failing":false,"failureDetails":[],"failureMessages":[],"fullName":"Itinerary Management API Tests Update Itinerary should update an existing itinerary","invocations":1,"location":null,"numPassingAsserts":5,"retryReasons":[],"startAt":1762772452361,"status":"passed","title":"should update an existing itinerary"},{"ancestorTitles":["Itinerary Management API Tests","Update Itinerary"],"duration":250,"failing":false,"failureDetails":[],"failureMessages":[],"fullName":"Itinerary Management API Tests Update Itinerary should not update another user's itinerary","invocations":1,"location":null,"numPassingAsserts":1,"retryReasons":[],"startAt":1762772452426,"status":"passed","title":"should not update another user's itinerary"},{"ancestorTitles":["Itinerary Management API Tests","Delete Itinerary"],"duration":54,"failing":false,"failureDetails":[],"failureMessages":[],"fullName":"Itinerary Management API Tests Delete Itinerary should delete an existing itinerary","invocations":1,"location":null,"numPassingAsserts":4,"retryReasons":[],"startAt":1762772452676,"status":"passed","title":"should delete an existing itinerary"},{"ancestorTitles":["Itinerary Management API Tests","Delete Itinerary"],"duration":51,"failing":false,"failureDetails":[],"failureMessages":[],"fullName":"Itinerary Management API Tests Delete Itinerary should return 404 when deleting non-existent itinerary","invocations":1,"location":null,"numPassingAsserts":1,"retryReasons":[],"startAt":1762772452730,"status":"passed","title":"should return 404 when deleting non-existent itinerary"}],"endTime":1762772452994,"message":"","name":"C:\\Users\\sophi\\Documents\\GitHub\\DEVASCProject\\backend\\__tests__\\itinerary.test.js","startTime":1762772449251,"status":"passed","summary":""},{"assertionResults":[{"ancestorTitles":["Authentication API Tests","User Registration"],"duration":228,"failing":false,"failureDetails":[],"failureMessages":[],"fullName":"Authentication API Tests User Registration should register a new user and send OTP","invocations":1,"location":null,"numPassingAsserts":6,"retryReasons":[],"startAt":1762772453827,"status":"passed","title":"should register a new user and send OTP"},{"ancestorTitles":["Authentication API Tests","User Registration"],"duration":100,"failing":false,"failureDetails":[],"failureMessages":[],"fullName":"Authentication API Tests User Registration should not register user with existing email","invocations":1,"location":null,"numPassingAsserts":2,"retryReasons":[],"startAt":1762772454056,"status":"passed","title":"should not register user with existing email"},{"ancestorTitles":["Authentication API Tests","User Registration"],"duration":112,"failing":false,"failureDetails":[],"failureMessages":[],"fullName":"Authentication API Tests User Registration should verify OTP and complete registration","invocations":1,"location":null,"numPassingAsserts":9,"retryReasons":[],"startAt":1762772454156,"status":"passed","title":"should verify OTP and complete registration"},{"ancestorTitles":["Authentication API Tests","User Login"],"duration":153,"failing":false,"failureDetails":[],"failureMessages":[],"fullName":"Authentication API Tests User Login should login with valid credentials","invocations":1,"location":null,"numPassingAsserts":5,"retryReasons":[],"startAt":1762772454269,"status":"passed","title":"should login with valid credentials"},{"ancestorTitles":["Authentication API Tests","User Login"],"duration":140,"failing":false,"failureDetails":[],"failureMessages":[],"fullName":"Authentication API Tests User Login should not login with invalid password","invocations":1,"location":null,"numPassingAsserts":2,"retryReasons":[],"startAt":1762772454423,"status":"passed","title":"should not login with invalid password"},{"ancestorTitles":["Authentication API Tests","User Login"],"duration":199,"failing":false,"failureDetails":[],"failureMessages":[],"fullName":"Authentication API Tests User Login should allow login even with unverified account","invocations":1,"location":null,"numPassingAsserts":2,"retryReasons":[],"startAt":1762772454563,"status":"passed","title":"should allow login even with unverified account"}],"endTime":1762772454894,"message":"","name":"C:\\Users\\sophi\\Documents\\GitHub\\DEVASCProject\\backend\\__tests__\\auth.test.js","startTime":1762772453008,"status":"passed","summary":""},{"assertionResults":[{"ancestorTitles":["Profile Management API Tests","Get User Profile"],"duration":18,"failing":false,"failureDetails":[],"failureMessages":[],"fullName":"Profile Management API Tests Get User Profile should get user profile with valid token","invocations":1,"location":null,"numPassingAsserts":4,"retryReasons":[],"startAt":1762772455841,"status":"passed","title":"should get user profile with valid token"},{"ancestorTitles":["Profile Management API Tests","Get User Profile"],"duration":8,"failing":false,"failureDetails":[],"failureMessages":[],"fullName":"Profile Management API Tests Get User Profile should return 401 without valid token","invocations":1,"location":null,"numPassingAsserts":1,"retryReasons":[],"startAt":1762772455860,"status":"passed","title":"should return 401 without valid token"},{"ancestorTitles":["Profile Management API Tests","Update User Profile"],"duration":41,"failing":false,"failureDetails":[],"failureMessages":[],"fullName":"Profile Management API Tests Update User Profile should update user profile with valid data","invocations":1,"location":null,"numPassingAsserts":5,"retryReasons":[],"startAt":1762772455868,"status":"passed","title":"should update user profile with valid data"},{"ancestorTitles":["Profile Management API Tests","Update User Profile"],"duration":76,"failing":false,"failureDetails":[],"failureMessages":[],"fullName":"Profile Management API Tests Update User Profile should not update email to an existing one","invocations":1,"location":null,"numPassingAsserts":3,"retryReasons":[],"startAt":1762772455909,"status":"passed","title":"should not update email to an existing one"},{"ancestorTitles":["Profile Management API Tests","Update User Profile"],"duration":36,"failing":false,"failureDetails":[],"failureMessages":[],"fullName":"Profile Management API Tests Update User Profile should update account info including email","invocations":1,"location":null,"numPassingAsserts":9,"retryReasons":[],"startAt":1762772455986,"status":"passed","title":"should update account info including email"}],"endTime":1762772456105,"message":"","name":"C:\\Users\\sophi\\Documents\\GitHub\\DEVASCProject\\backend\\__tests__\\profile.test.js","startTime":1762772454902,"status":"passed","summary":""}],"wasInterrupted":false}
